<?xml version="1.0" encoding="UTF-8"?>
<testng-results ignored="0" total="2" passed="2" failed="0" skipped="0">
  <reporter-output>
  </reporter-output>
  <suite started-at="2020-12-03T15:12:36 EST" name="Default suite" finished-at="2020-12-03T15:12:56 EST" duration-ms="19821">
    <groups>
    </groups>
    <test started-at="2020-12-03T15:12:36 EST" name="Default test" finished-at="2020-12-03T15:12:56 EST" duration-ms="19821">
      <class name="linkdpractice.Practicelinkdln">
        <test-method is-config="true" signature="beforeClass()[pri:0, instance:linkdpractice.Practicelinkdln@68267da0]" started-at="2020-12-03T15:12:36 EST" name="beforeClass" finished-at="2020-12-03T15:12:38 EST" duration-ms="1869" status="PASS">
          <reporter-output>
          </reporter-output>
        </test-method> <!-- beforeClass -->
        <test-method signature="A()[pri:0, instance:linkdpractice.Practicelinkdln@68267da0]" started-at="2020-12-03T15:12:38 EST" name="A" finished-at="2020-12-03T15:12:44 EST" duration-ms="6467" status="PASS">
          <reporter-output>
          </reporter-output>
        </test-method> <!-- A -->
        <test-method signature="linkedin()[pri:0, instance:linkdpractice.Practicelinkdln@68267da0]" started-at="2020-12-03T15:12:44 EST" name="linkedin" finished-at="2020-12-03T15:12:56 EST" duration-ms="11462" status="PASS">
          <reporter-output>
          </reporter-output>
        </test-method> <!-- linkedin -->
      </class> <!-- linkdpractice.Practicelinkdln -->
    </test> <!-- Default test -->
  </suite> <!-- Default suite -->
</testng-results>
