<?xml version="1.0" encoding="UTF-8"?>
<!-- Generated by org.testng.reporters.JUnitXMLReporter -->
<testsuite ignored="6" hostname="salims-MacBook-Pro.local" failures="0" tests="1" name="Adhok" time="0.027" errors="0" timestamp="2020-11-30T17:51:53 EST">
  <testcase classname="run.Groups" name="f" time="0.003"/>
  <testcase classname="run.Groups" name="f2" time="0.0">
    <ignored/>
  </testcase> <!-- f2 -->
  <testcase classname="run.Groups" name="f0" time="0.0">
    <ignored/>
  </testcase> <!-- f0 -->
  <testcase classname="run.Groups" name="f6" time="0.0">
    <ignored/>
  </testcase> <!-- f6 -->
  <testcase classname="run.NewFunctionAccount" name="forgotlinkforpassword" time="0.0">
    <ignored/>
  </testcase> <!-- forgotlinkforpassword -->
  <testcase classname="run.Groups" name="f9" time="0.0">
    <ignored/>
  </testcase> <!-- f9 -->
  <testcase classname="run.Groups" name="f666" time="0.0">
    <ignored/>
  </testcase> <!-- f666 -->
</testsuite> <!-- Adhok -->
